Flow report for Transmitter_Ver_2
Tue Dec 17 00:35:08 2024
Quartus II 64-Bit Version 13.0.1 Build 232 06/12/2013 Service Pack 1 SJ Web Edition


---------------------
; Table of Contents ;
---------------------
  1. Legal Notice
  2. Flow Summary
  3. Flow Settings
  4. Flow Non-Default Global Settings
  5. Flow Elapsed Time
  6. Flow OS Summary
  7. Flow Log
  8. Flow Messages
  9. Flow Suppressed Messages



----------------
; Legal Notice ;
----------------
Copyright (C) 1991-2013 Altera Corporation
Your use of Altera Corporation's design tools, logic functions 
and other software and tools, and its AMPP partner logic 
functions, and any output files from any of the foregoing 
(including device programming or simulation files), and any 
associated documentation or information are expressly subject 
to the terms and conditions of the Altera Program License 
Subscription Agreement, Altera MegaCore Function License 
Agreement, or other applicable license agreement, including, 
without limitation, that your use is for the sole purpose of 
programming logic devices manufactured by Altera and sold by 
Altera or its authorized distributors.  Please refer to the 
applicable agreement for further details.



+--------------------------------------------------------------------------------------+
; Flow Summary                                                                         ;
+------------------------------------+-------------------------------------------------+
; Flow Status                        ; Successful - Tue Dec 17 00:35:07 2024           ;
; Quartus II 64-Bit Version          ; 13.0.1 Build 232 06/12/2013 SP 1 SJ Web Edition ;
; Revision Name                      ; Transmitter_Ver_2                               ;
; Top-level Entity Name              ; transmit_16qam                                  ;
; Family                             ; Cyclone IV E                                    ;
; Device                             ; EP4CE115F29C7                                   ;
; Timing Models                      ; Final                                           ;
; Total logic elements               ; 602 / 114,480 ( < 1 % )                         ;
;     Total combinational functions  ; 584 / 114,480 ( < 1 % )                         ;
;     Dedicated logic registers      ; 97 / 114,480 ( < 1 % )                          ;
; Total registers                    ; 97                                              ;
; Total pins                         ; 19 / 529 ( 4 % )                                ;
; Total virtual pins                 ; 0                                               ;
; Total memory bits                  ; 0 / 3,981,312 ( 0 % )                           ;
; Embedded Multiplier 9-bit elements ; 0 / 532 ( 0 % )                                 ;
; Total PLLs                         ; 0 / 4 ( 0 % )                                   ;
+------------------------------------+-------------------------------------------------+


+-----------------------------------------+
; Flow Settings                           ;
+-------------------+---------------------+
; Option            ; Setting             ;
+-------------------+---------------------+
; Start date & time ; 12/17/2024 00:34:35 ;
; Main task         ; Compilation         ;
; Revision Name     ; Transmitter_Ver_2   ;
+-------------------+---------------------+


+------------------------------------------------------------------------------------------------------------------------------------------+
; Flow Non-Default Global Settings                                                                                                         ;
+--------------------------------------+---------------------------------------+-------------------+----------------+----------------------+
; Assignment Name                      ; Value                                 ; Default Value     ; Entity Name    ; Section Id           ;
+--------------------------------------+---------------------------------------+-------------------+----------------+----------------------+
; COMPILER_SIGNATURE_ID                ; 154724030808490.173436327509224       ; --                ; --             ; --                   ;
; EDA_DESIGN_INSTANCE_NAME             ; NA                                    ; --                ; --             ; tb_transmit_qpsk     ;
; EDA_DESIGN_INSTANCE_NAME             ; NA                                    ; --                ; --             ; tb_transmit_16qam    ;
; EDA_DESIGN_INSTANCE_NAME             ; NA                                    ; --                ; --             ; tb_tdl               ;
; EDA_DESIGN_INSTANCE_NAME             ; NA                                    ; --                ; --             ; tb_pn_gen            ;
; EDA_DESIGN_INSTANCE_NAME             ; NA                                    ; --                ; --             ; tb_clock_generator_2 ;
; EDA_DESIGN_INSTANCE_NAME             ; NA                                    ; --                ; --             ; tb_clock_generator   ;
; EDA_NATIVELINK_SIMULATION_TEST_BENCH ; tb_transmit_16qam                     ; --                ; --             ; eda_simulation       ;
; EDA_OUTPUT_DATA_FORMAT               ; Verilog Hdl                           ; --                ; --             ; eda_simulation       ;
; EDA_SIMULATION_TOOL                  ; ModelSim-Altera (Verilog)             ; <None>            ; --             ; --                   ;
; EDA_TEST_BENCH_ENABLE_STATUS         ; TEST_BENCH_MODE                       ; --                ; --             ; eda_simulation       ;
; EDA_TEST_BENCH_FILE                  ; tb_transmit_qpsk.v                    ; --                ; --             ; tb_transmit_qpsk     ;
; EDA_TEST_BENCH_FILE                  ; tb_transmit_16qam.v                   ; --                ; --             ; tb_transmit_16qam    ;
; EDA_TEST_BENCH_FILE                  ; tb_tdl.v                              ; --                ; --             ; tb_tdl               ;
; EDA_TEST_BENCH_FILE                  ; tb_pn_gen.v                           ; --                ; --             ; tb_pn_gen            ;
; EDA_TEST_BENCH_FILE                  ; tb_clock_generator_2.v                ; --                ; --             ; tb_clock_generator_2 ;
; EDA_TEST_BENCH_FILE                  ; tb_clock_generator.v                  ; --                ; --             ; tb_clock_generator   ;
; EDA_TEST_BENCH_MODULE_NAME           ; tb_transmit_qpsk                      ; --                ; --             ; tb_transmit_qpsk     ;
; EDA_TEST_BENCH_MODULE_NAME           ; tb_transmit_16qam                     ; --                ; --             ; tb_transmit_16qam    ;
; EDA_TEST_BENCH_MODULE_NAME           ; tb_tdl                                ; --                ; --             ; tb_tdl               ;
; EDA_TEST_BENCH_MODULE_NAME           ; tb_pn_gen                             ; --                ; --             ; tb_pn_gen            ;
; EDA_TEST_BENCH_MODULE_NAME           ; tb_clock_generator_2                  ; --                ; --             ; tb_clock_generator_2 ;
; EDA_TEST_BENCH_MODULE_NAME           ; tb_clock_generator                    ; --                ; --             ; tb_clock_generator   ;
; EDA_TEST_BENCH_NAME                  ; tb_transmit_qpsk                      ; --                ; --             ; eda_simulation       ;
; EDA_TEST_BENCH_NAME                  ; tb_transmit_16qam                     ; --                ; --             ; eda_simulation       ;
; EDA_TEST_BENCH_NAME                  ; tb_tdl                                ; --                ; --             ; eda_simulation       ;
; EDA_TEST_BENCH_NAME                  ; tb_pn_gen                             ; --                ; --             ; eda_simulation       ;
; EDA_TEST_BENCH_NAME                  ; tb_clock_generator_2                  ; --                ; --             ; eda_simulation       ;
; EDA_TEST_BENCH_NAME                  ; tb_clock_generator                    ; --                ; --             ; eda_simulation       ;
; EDA_TIME_SCALE                       ; 1 ps                                  ; --                ; --             ; eda_simulation       ;
; MAX_CORE_JUNCTION_TEMP               ; 85                                    ; --                ; --             ; --                   ;
; MIN_CORE_JUNCTION_TEMP               ; 0                                     ; --                ; --             ; --                   ;
; OUTPUT_IO_TIMING_FAR_END_VMEAS       ; Half Signal Swing                     ; --                ; --             ; --                   ;
; OUTPUT_IO_TIMING_FAR_END_VMEAS       ; Half Signal Swing                     ; --                ; --             ; --                   ;
; OUTPUT_IO_TIMING_NEAR_END_VMEAS      ; Half Vccio                            ; --                ; --             ; --                   ;
; OUTPUT_IO_TIMING_NEAR_END_VMEAS      ; Half Vccio                            ; --                ; --             ; --                   ;
; PARTITION_COLOR                      ; 16764057                              ; --                ; transmit_16qam ; Top                  ;
; PARTITION_FITTER_PRESERVATION_LEVEL  ; PLACEMENT_AND_ROUTING                 ; --                ; transmit_16qam ; Top                  ;
; PARTITION_NETLIST_TYPE               ; SOURCE                                ; --                ; transmit_16qam ; Top                  ;
; POWER_BOARD_THERMAL_MODEL            ; None (CONSERVATIVE)                   ; --                ; --             ; --                   ;
; POWER_PRESET_COOLING_SOLUTION        ; 23 MM HEAT SINK WITH 200 LFPM AIRFLOW ; --                ; --             ; --                   ;
; PROJECT_OUTPUT_DIRECTORY             ; output_files                          ; --                ; --             ; --                   ;
; TOP_LEVEL_ENTITY                     ; transmit_16qam                        ; Transmitter_Ver_2 ; --             ; --                   ;
+--------------------------------------+---------------------------------------+-------------------+----------------+----------------------+


+-------------------------------------------------------------------------------------------------------------------------------+
; Flow Elapsed Time                                                                                                             ;
+---------------------------+--------------+-------------------------+---------------------+------------------------------------+
; Module Name               ; Elapsed Time ; Average Processors Used ; Peak Virtual Memory ; Total CPU Time (on all processors) ;
+---------------------------+--------------+-------------------------+---------------------+------------------------------------+
; Analysis & Synthesis      ; 00:00:06     ; 1.0                     ; 4592 MB             ; 00:00:04                           ;
; Fitter                    ; 00:00:15     ; 1.0                     ; 5079 MB             ; 00:00:13                           ;
; Assembler                 ; 00:00:03     ; 1.0                     ; 4575 MB             ; 00:00:03                           ;
; TimeQuest Timing Analyzer ; 00:00:04     ; 1.0                     ; 4676 MB             ; 00:00:03                           ;
; EDA Netlist Writer        ; 00:00:00     ; 1.0                     ; 4536 MB             ; 00:00:01                           ;
; Total                     ; 00:00:28     ; --                      ; --                  ; 00:00:24                           ;
+---------------------------+--------------+-------------------------+---------------------+------------------------------------+


+----------------------------------------------------------------------------------------+
; Flow OS Summary                                                                        ;
+---------------------------+------------------+-----------+------------+----------------+
; Module Name               ; Machine Hostname ; OS Name   ; OS Version ; Processor type ;
+---------------------------+------------------+-----------+------------+----------------+
; Analysis & Synthesis      ; DESKTOP-AAKHU2C  ; Windows 7 ; 6.2        ; x86_64         ;
; Fitter                    ; DESKTOP-AAKHU2C  ; Windows 7 ; 6.2        ; x86_64         ;
; Assembler                 ; DESKTOP-AAKHU2C  ; Windows 7 ; 6.2        ; x86_64         ;
; TimeQuest Timing Analyzer ; DESKTOP-AAKHU2C  ; Windows 7 ; 6.2        ; x86_64         ;
; EDA Netlist Writer        ; DESKTOP-AAKHU2C  ; Windows 7 ; 6.2        ; x86_64         ;
+---------------------------+------------------+-----------+------------+----------------+


------------
; Flow Log ;
------------
quartus_map --read_settings_files=on --write_settings_files=off Transmitter_Ver_2 -c Transmitter_Ver_2
quartus_fit --read_settings_files=off --write_settings_files=off Transmitter_Ver_2 -c Transmitter_Ver_2
quartus_asm --read_settings_files=off --write_settings_files=off Transmitter_Ver_2 -c Transmitter_Ver_2
quartus_sta Transmitter_Ver_2 -c Transmitter_Ver_2
quartus_eda --read_settings_files=off --write_settings_files=off Transmitter_Ver_2 -c Transmitter_Ver_2



